0 info it worked if it ends with ok
1 verbose cli [ '/home/pr1/bin/node', '/home/pr1/bin/npm', 'run', 'css:watch' ]
2 info using npm@3.9.5
3 info using node@v6.2.2
4 verbose run-script [ 'precss:watch', 'css:watch', 'postcss:watch' ]
5 info lifecycle connect-pay@1.0.0~precss:watch: connect-pay@1.0.0
6 silly lifecycle connect-pay@1.0.0~precss:watch: no script for precss:watch, continuing
7 info lifecycle connect-pay@1.0.0~css:watch: connect-pay@1.0.0
8 verbose lifecycle connect-pay@1.0.0~css:watch: unsafe-perm in lifecycle true
9 verbose lifecycle connect-pay@1.0.0~css:watch: PATH: /home/pr1/node-setup/nodejs/lib/node_modules/npm/bin/node-gyp-bin:/home/pr1/public_html/others.pr1.in/connectpay.pr1.in/connectpay/src/wp-content/themes/connect-pay/webpack/node_modules/.bin:/home/pr1/bin:/home/pr1/perl5/bin:/usr/local/cpanel/3rdparty/lib/path-bin:/usr/local/cpanel/3rdparty/lib/path-bin:/usr/local/jdk/bin:/usr/local/cpanel/3rdparty/lib/path-bin:/usr/local/bin:/bin:/usr/bin:/usr/local/sbin:/usr/sbin:/sbin:/opt/cpanel/composer/bin:/usr/local/bin:/usr/X11R6/bin:/opt/lua/bin:/opt/puppetlabs/bin:/home/pr1/bin
10 verbose lifecycle connect-pay@1.0.0~css:watch: CWD: /home/pr1/public_html/others.pr1.in/connectpay.pr1.in/connectpay/src/wp-content/themes/connect-pay/webpack
11 silly lifecycle connect-pay@1.0.0~css:watch: Args: [ '-c',
11 silly lifecycle   'npm run css && node-sass -w -r src/styles/ -wo ../dist' ]
12 silly lifecycle connect-pay@1.0.0~css:watch: Returned: code: 1  signal: null
13 info lifecycle connect-pay@1.0.0~css:watch: Failed to exec css:watch script
14 verbose stack Error: connect-pay@1.0.0 css:watch: `npm run css && node-sass -w -r src/styles/ -wo ../dist`
14 verbose stack Exit status 1
14 verbose stack     at EventEmitter.<anonymous> (/home/pr1/node-setup/nodejs/lib/node_modules/npm/lib/utils/lifecycle.js:245:16)
14 verbose stack     at emitTwo (events.js:106:13)
14 verbose stack     at EventEmitter.emit (events.js:191:7)
14 verbose stack     at ChildProcess.<anonymous> (/home/pr1/node-setup/nodejs/lib/node_modules/npm/lib/utils/spawn.js:24:14)
14 verbose stack     at emitTwo (events.js:106:13)
14 verbose stack     at ChildProcess.emit (events.js:191:7)
14 verbose stack     at maybeClose (internal/child_process.js:852:16)
14 verbose stack     at Process.ChildProcess._handle.onexit (internal/child_process.js:215:5)
15 verbose pkgid connect-pay@1.0.0
16 verbose cwd /home/pr1/public_html/others.pr1.in/connectpay.pr1.in/connectpay/src/wp-content/themes/connect-pay/webpack
17 error Linux 2.6.32-954.3.5.lve1.4.67.el6.x86_64
18 error argv "/home/pr1/bin/node" "/home/pr1/bin/npm" "run" "css:watch"
19 error node v6.2.2
20 error npm  v3.9.5
21 error code ELIFECYCLE
22 error connect-pay@1.0.0 css:watch: `npm run css && node-sass -w -r src/styles/ -wo ../dist`
22 error Exit status 1
23 error Failed at the connect-pay@1.0.0 css:watch script 'npm run css && node-sass -w -r src/styles/ -wo ../dist'.
23 error Make sure you have the latest version of node.js and npm installed.
23 error If you do, this is most likely a problem with the connect-pay package,
23 error not with npm itself.
23 error Tell the author that this fails on your system:
23 error     npm run css && node-sass -w -r src/styles/ -wo ../dist
23 error You can get information on how to open an issue for this project with:
23 error     npm bugs connect-pay
23 error Or if that isn't available, you can get their info via:
23 error     npm owner ls connect-pay
23 error There is likely additional logging output above.
24 verbose exit [ 1, true ]
